2022/09/20 17:43:44 bitflyer.go:178: connencting to wss://ws.lightstream.bitflyer.com/json-rpc
2022/09/20 17:45:02 bitflyer.go:178: connencting to wss://ws.lightstream.bitflyer.com/json-rpc
2022/09/20 17:46:54 bitflyer.go:178: connencting to wss://ws.lightstream.bitflyer.com/json-rpc
2022/09/20 17:47:32 bitflyer.go:178: connencting to wss://ws.lightstream.bitflyer.com/json-rpc
2022/09/20 17:49:05 streamdata.go:12: QXLQNX6uu4hLsVhx7eocpV
2022/09/20 17:49:05 streamdata.go:13: QpTN7Ax1Ih59F2ItzCdgoD7VEuyLfrD3WCB5v1lipnM=
2022/09/20 17:49:05 bitflyer.go:178: connencting to wss://ws.lightstream.bitflyer.com/json-rpc
2022/09/20 17:50:12 streamdata.go:13: &{QXLQNX6uu4hLsVhx7eocpV QpTN7Ax1Ih59F2ItzCdgoD7VEuyLfrD3WCB5v1lipnM= 0xc000113230}
2022/09/20 17:50:12 bitflyer.go:178: connencting to wss://ws.lightstream.bitflyer.com/json-rpc
2022/09/20 17:50:49 bitflyer.go:178: connencting to wss://ws.lightstream.bitflyer.com/json-rpc
2022/09/20 17:51:15 bitflyer.go:178: connencting to wss://ws.lightstream.bitflyer.com/json-rpc
2022/09/20 17:55:06 bitflyer.go:178: connencting to wss://ws.lightstream.bitflyer.com/json-rpc
2022/09/20 17:55:06 bitflyer.go:187: lightning_ticker_BTC_JPY
2022/09/20 17:55:42 bitflyer.go:178: connencting to wss://ws.lightstream.bitflyer.com/json-rpc
2022/09/20 17:55:42 bitflyer.go:187: lightning_ticker_BTC_JPY
2022/09/20 17:56:00 bitflyer.go:178: connencting to wss://ws.lightstream.bitflyer.com/json-rpc
2022/09/20 17:56:00 bitflyer.go:187: lightning_ticker_BTC_JPY
2022/09/20 17:56:44 bitflyer.go:178: connencting to wss://ws.lightstream.bitflyer.com/json-rpc
2022/09/20 17:56:44 bitflyer.go:187: lightning_ticker_BTC_JPY
2022/09/20 17:56:44 bitflyer.go:204: map[channel:lightning_ticker_BTC_JPY message:map[best_ask:2.774337e+06 best_ask_size:0.06 best_bid:2.772949e+06 best_bid_size:0.34 ltp:2.773254e+06 market_ask_size:0 market_bid_size:0 product_code:BTC_JPY state:RUNNING tick_id:67484 timestamp:2022-09-20T08:56:44.3781879Z total_ask_depth:372.12425129 total_bid_depth:579.56559886 volume:2010.81833605 volume_by_product:2010.81833605]]
2022/09/20 17:57:45 bitflyer.go:178: connencting to wss://ws.lightstream.bitflyer.com/json-rpc
2022/09/20 17:57:45 bitflyer.go:187: lightning_ticker_BTC_JPY
2022/09/20 17:57:46 bitflyer.go:204: map[string]interface {}, map[channel:lightning_ticker_BTC_JPY message:map[best_ask:%!s(float64=2.774568e+06) best_ask_size:%!s(float64=0.05) best_bid:%!s(float64=2.772995e+06) best_bid_size:%!s(float64=0.016) ltp:%!s(float64=2.772995e+06) market_ask_size:%!s(float64=0) market_bid_size:%!s(float64=0) product_code:BTC_JPY state:RUNNING tick_id:%!s(float64=67771) timestamp:2022-09-20T08:57:46.0051081Z total_ask_depth:%!s(float64=372.64946744) total_bid_depth:%!s(float64=580.52720056) volume:%!s(float64=2010.76561921) volume_by_product:%!s(float64=2010.76561921)]]
2022/09/20 17:58:19 bitflyer.go:178: connencting to wss://ws.lightstream.bitflyer.com/json-rpc
2022/09/20 17:58:19 bitflyer.go:187: lightning_ticker_BTC_JPY
2022/09/20 17:58:21 bitflyer.go:206: map[channel:lightning_ticker_BTC_JPY message:map[best_ask:2.774568e+06 best_ask_size:0.05 best_bid:2.772952e+06 best_bid_size:0.03 ltp:2.772995e+06 market_ask_size:0 market_bid_size:0 product_code:BTC_JPY state:RUNNING tick_id:67888 timestamp:2022-09-20T08:58:21.0179866Z total_ask_depth:372.58197807 total_bid_depth:580.50479961 volume:2010.49729414 volume_by_product:2010.49729414]]
2022/09/20 17:59:35 bitflyer.go:178: connencting to wss://ws.lightstream.bitflyer.com/json-rpc
2022/09/20 17:59:35 bitflyer.go:207: map[best_ask:2.773994e+06 best_ask_size:0.005 best_bid:2.773001e+06 best_bid_size:0.1 ltp:2.773526e+06 market_ask_size:0 market_bid_size:0 product_code:BTC_JPY state:RUNNING tick_id:68344 timestamp:2022-09-20T08:59:35.4667495Z total_ask_depth:372.40400374 total_bid_depth:578.03771179 volume:2010.44129414 volume_by_product:2010.44129414]
2022/09/20 18:00:28 bitflyer.go:178: connencting to wss://ws.lightstream.bitflyer.com/json-rpc
2022/09/20 18:01:42 bitflyer.go:178: connencting to wss://ws.lightstream.bitflyer.com/json-rpc
2022/09/20 18:01:42 bitflyer.go:215: {BTC_JPY RUNNING 2022-09-20T09:01:42.8192103Z 69140 2.775418e+06 2.777084e+06 0.021008 0.33 581.1733472 376.65994485 0 0 2.775418e+06 2010.20916823 2010.20916823}
2022/09/20 18:04:37 bitflyer.go:178: connencting to wss://ws.lightstream.bitflyer.com/json-rpc
2022/09/20 18:04:37 bitflyer.go:215: {BTC_JPY RUNNING 2022-09-20T09:04:37.567612Z 70424 2.773056e+06 2.774846e+06 0.33 0.01000155 580.27136024 377.45220517 0 0 2.774483e+06 2009.76902559 2009.76902559}
2022/09/20 18:09:19 bitflyer.go:178: connencting to wss://ws.lightstream.bitflyer.com/json-rpc
2022/09/20 18:09:19 bitflyer.go:215: {BTC_JPY RUNNING 2022-09-20T09:09:19.5078147Z 72422 2.77104e+06 2.773329e+06 0.03 0.01000055 578.77419894 377.02857986 0 0 2.772115e+06 2015.33619903 2015.33619903}
2022/09/20 18:15:11 bitflyer.go:178: connencting to wss://ws.lightstream.bitflyer.com/json-rpc
2022/09/20 18:15:12 bitflyer.go:215: {BTC_JPY RUNNING 2022-09-20T09:15:12.475326Z 74889 2.772478e+06 2.773796e+06 0.01 0.019996 577.82315763 376.59181752 0 0 2.772502e+06 2014.26814193 2014.26814193}
2022/09/20 18:18:22 bitflyer.go:178: connencting to wss://ws.lightstream.bitflyer.com/json-rpc
2022/09/20 18:18:23 bitflyer.go:215: {BTC_JPY RUNNING 2022-09-20T09:18:22.971692Z 75933 2.7735e+06 2.773613e+06 0.9 0.14 582.55116442 376.49937807 0 0 2.773499e+06 2005.84571561 2005.84571561}
2022/09/20 18:22:16 bitflyer.go:178: connencting to wss://ws.lightstream.bitflyer.com/json-rpc
2022/09/20 18:34:38 bitflyer.go:178: connencting to wss://ws.lightstream.bitflyer.com/json-rpc
2022/09/20 18:48:04 bitflyer.go:178: connencting to wss://ws.lightstream.bitflyer.com/json-rpc
2022/09/20 18:49:59 bitflyer.go:178: connencting to wss://ws.lightstream.bitflyer.com/json-rpc
2022/09/20 18:50:30 bitflyer.go:178: connencting to wss://ws.lightstream.bitflyer.com/json-rpc
2022/09/20 18:50:31 bitflyer.go:215: ここまで
2022/09/20 18:52:00 streamdata.go:15: ここまで
2022/09/20 18:52:00 bitflyer.go:178: connencting to wss://ws.lightstream.bitflyer.com/json-rpc
2022/09/20 18:52:01 streamdata.go:17: action=StreanIgestionDate, {BTC_JPY RUNNING 2022-09-20T09:52:00.8796524Z 95301 2.761989e+06 2.764076e+06 0.055667 0.05 574.60598187 376.25735802 0 0 2.761286e+06 1989.47120087 1989.47120087}
2022/09/20 18:55:56 bitflyer.go:178: connencting to wss://ws.lightstream.bitflyer.com/json-rpc
2022/09/20 18:55:56 streamdata.go:16: action=StreanIgestionDate, {BTC_JPY RUNNING 2022-09-20T09:55:56.4820292Z 97366 2.761893e+06 2.763784e+06 0.038 0.038 572.78047287 371.50024386 0 0 2.76307e+06 1988.68428901 1988.68428901}
2022/09/20 18:56:53 bitflyer.go:178: connencting to wss://ws.lightstream.bitflyer.com/json-rpc
2022/09/20 18:56:54 streamdata.go:16: action=StreanIgestionDate, {BTC_JPY RUNNING 2022-09-20T09:56:54.0511901Z 97903 2.761906e+06 2.76337e+06 0.038 0.1 574.17004289 374.06126553 0 0 2.763165e+06 1988.19328901 1988.19328901}
2022/09/20 18:57:08 bitflyer.go:178: connencting to wss://ws.lightstream.bitflyer.com/json-rpc
2022/09/20 18:57:08 streamdata.go:16: action=StreanIgestionDate, {BTC_JPY RUNNING 2022-09-20T09:57:08.3679816Z 98050 2.763125e+06 2.764353e+06 0.05 0.10682 574.19810802 372.82106806 0 0 2.763092e+06 1987.95330545 1987.95330545}
2022/09/20 19:00:24 bitflyer.go:178: connencting to wss://ws.lightstream.bitflyer.com/json-rpc
2022/09/20 19:00:25 streamdata.go:16: action=StreanIgestionDate, {BTC_JPY RUNNING 2022-09-20T10:00:25.4345989Z 99548 2.762393e+06 2.763505e+06 0.01 0.7 572.0913935 376.03301556 0 0 2.762507e+06 1987.64775319 1987.64775319}
2022/09/20 19:02:05 bitflyer.go:178: connencting to wss://ws.lightstream.bitflyer.com/json-rpc
2022/09/20 19:02:06 streamdata.go:16: action=StreanIgestionDate, {BTC_JPY RUNNING 2022-09-20T10:02:05.990178Z 100315 2.760396e+06 2.761824e+06 0.01 0.02 571.07322128 376.85305087 0 0 2.761396e+06 1986.74863319 1986.74863319}
2022/09/20 19:02:45 bitflyer.go:178: connencting to wss://ws.lightstream.bitflyer.com/json-rpc
2022/09/20 19:02:46 streamdata.go:16: action=StreanIgestionDate, {BTC_JPY RUNNING 2022-09-20T10:02:46.417421Z 100909 2.756588e+06 2.758416e+06 0.29 0.04 569.56247997 376.1073396 0 0 2.756588e+06 1987.02463319 1987.02463319}
2022/09/20 19:07:40 bitflyer.go:178: connencting to wss://ws.lightstream.bitflyer.com/json-rpc
2022/09/20 19:07:41 streamdata.go:16: action=StreanIgestionDate, {BTC_JPY RUNNING 2022-09-20T10:07:41.1258064Z 102868 2.7589e+06 2.760626e+06 0.01 0.05162334 569.8147662 377.15463582 0 0 2.759176e+06 1984.24070487 1984.24070487}
2022/09/20 19:07:41 streamdata.go:16: action=StreanIgestionDate, {BTC_JPY RUNNING 2022-09-20T10:07:41.8314097Z 102880 2.7589e+06 2.760626e+06 0.01 0.39162334 570.12337809 376.75953178 0 0 2.759176e+06 1984.24070487 1984.24070487}
2022/09/20 19:07:42 streamdata.go:16: action=StreanIgestionDate, {BTC_JPY RUNNING 2022-09-20T10:07:42.3704234Z 102884 2.759173e+06 2.760626e+06 0.01 0.39162334 570.32337809 376.75953178 0 0 2.759176e+06 1984.24070487 1984.24070487}
2022/09/20 19:07:43 streamdata.go:16: action=StreanIgestionDate, {BTC_JPY RUNNING 2022-09-20T10:07:43.0391249Z 102886 2.759173e+06 2.760626e+06 0.01 0.39162334 570.32337809 377.029569 0 0 2.759176e+06 1984.24070487 1984.24070487}
2022/09/20 19:07:43 streamdata.go:16: action=StreanIgestionDate, {BTC_JPY RUNNING 2022-09-20T10:07:43.5804854Z 102890 2.759173e+06 2.760626e+06 0.01 0.39162334 570.18337809 377.059569 0 0 2.759176e+06 1984.24070487 1984.24070487}
2022/09/20 19:07:44 streamdata.go:16: action=StreanIgestionDate, {BTC_JPY RUNNING 2022-09-20T10:07:44.2949227Z 102892 2.759173e+06 2.760626e+06 0.01 0.39162334 569.98337809 377.059569 0 0 2.759176e+06 1984.24070487 1984.24070487}
2022/09/20 19:09:11 bitflyer.go:178: connencting to wss://ws.lightstream.bitflyer.com/json-rpc
2022/09/20 19:09:11 streamdata.go:16: action=StreanIgestionDate, {BTC_JPY RUNNING 2022-09-20T10:09:11.8741756Z 103550 2.760313e+06 2.761885e+06 0.09 0.11 570.95321797 371.58097923 0 0 2.760127e+06 1982.77087235 1982.77087235}
2022/09/20 19:09:12 streamdata.go:16: action=StreanIgestionDate, {BTC_JPY RUNNING 2022-09-20T10:09:12.3825775Z 103556 2.760313e+06 2.761885e+06 0.09 0.11 570.88371697 371.55097923 0 0 2.760127e+06 1982.77087235 1982.77087235}
2022/09/20 19:09:13 streamdata.go:16: action=StreanIgestionDate, {BTC_JPY RUNNING 2022-09-20T10:09:12.9596541Z 103560 2.760313e+06 2.761885e+06 0.09 0.11 570.76371697 371.60087923 0 0 2.760127e+06 1982.77087235 1982.77087235}
2022/09/20 19:09:13 streamdata.go:16: action=StreanIgestionDate, {BTC_JPY RUNNING 2022-09-20T10:09:13.7543274Z 103569 2.760313e+06 2.761739e+06 0.05 0.05 570.84271697 371.35893369 0 0 2.760313e+06 1982.78087235 1982.78087235}
2022/09/20 19:09:14 streamdata.go:16: action=StreanIgestionDate, {BTC_JPY RUNNING 2022-09-20T10:09:14.353866Z 103578 2.760313e+06 2.761739e+06 0.05 0.05 570.83884481 371.32133369 0 0 2.760313e+06 1982.78087235 1982.78087235}
2022/09/20 19:09:15 streamdata.go:16: action=StreanIgestionDate, {BTC_JPY RUNNING 2022-09-20T10:09:14.9460516Z 103586 2.760313e+06 2.761739e+06 0.03 0.05 570.90787359 372.04123369 0 0 2.760313e+06 1982.78087235 1982.78087235}
2022/09/20 19:09:15 streamdata.go:16: action=StreanIgestionDate, {BTC_JPY RUNNING 2022-09-20T10:09:15.8440023Z 103589 2.760313e+06 2.761739e+06 0.03 0.05 570.76787359 371.34123369 0 0 2.760313e+06 1982.78087235 1982.78087235}
2022/09/20 19:09:16 streamdata.go:16: action=StreanIgestionDate, {BTC_JPY RUNNING 2022-09-20T10:09:16.605934Z 103592 2.760313e+06 2.761739e+06 0.03 0.05 570.70297359 374.91123369 0 0 2.760313e+06 1982.78087235 1982.78087235}
2022/09/20 19:12:28 bitflyer.go:178: connencting to wss://ws.lightstream.bitflyer.com/json-rpc
2022/09/20 19:12:28 streamdata.go:16: action=StreanIgestionDate, {BTC_JPY RUNNING 2022-09-20T10:12:28.4730065Z 104699 2.761244e+06 2.762314e+06 0.020001 0.1 572.07325128 373.02156186 0 0 2.76206e+06 1981.81191707 1981.81191707}
2022/09/20 19:12:28 candole.go:65: no such column: highm
2022/09/20 19:12:28 candole.go:42: 5 values for 6 columns
2022/09/20 19:12:28 candole.go:65: no such column: highm
2022/09/20 19:12:28 candole.go:42: 5 values for 6 columns
2022/09/20 19:12:28 candole.go:65: no such column: highm
2022/09/20 19:12:28 candole.go:42: 5 values for 6 columns
2022/09/20 19:12:29 streamdata.go:16: action=StreanIgestionDate, {BTC_JPY RUNNING 2022-09-20T10:12:28.9349732Z 104708 2.761238e+06 2.762314e+06 0.47 0.1 572.43325028 373.15156186 0 0 2.76206e+06 1981.81191707 1981.81191707}
2022/09/20 19:12:29 candole.go:65: no such column: highm
2022/09/20 19:12:29 candole.go:42: 5 values for 6 columns
2022/09/20 19:12:29 candole.go:65: no such column: highm
2022/09/20 19:12:29 candole.go:42: 5 values for 6 columns
2022/09/20 19:12:29 candole.go:65: no such column: highm
2022/09/20 19:12:29 candole.go:42: 5 values for 6 columns
2022/09/20 19:12:29 streamdata.go:16: action=StreanIgestionDate, {BTC_JPY RUNNING 2022-09-20T10:12:29.5734499Z 104716 2.761238e+06 2.762314e+06 0.47 0.1 573.02415028 373.06593171 0 0 2.76206e+06 1981.81191707 1981.81191707}
2022/09/20 19:12:29 candole.go:65: no such column: highm
2022/09/20 19:12:29 candole.go:42: 5 values for 6 columns
2022/09/20 19:12:29 candole.go:65: no such column: highm
2022/09/20 19:12:29 candole.go:42: 5 values for 6 columns
2022/09/20 19:12:29 candole.go:65: no such column: highm
2022/09/20 19:12:29 candole.go:42: 5 values for 6 columns
2022/09/20 19:12:30 streamdata.go:16: action=StreanIgestionDate, {BTC_JPY RUNNING 2022-09-20T10:12:30.0694666Z 104728 2.76136e+06 2.762654e+06 0.020001 0.001 572.56285128 369.38156186 0 0 2.762314e+06 1981.91191707 1981.91191707}
2022/09/20 19:12:30 candole.go:65: no such column: highm
2022/09/20 19:12:30 candole.go:42: 5 values for 6 columns
2022/09/20 19:12:30 candole.go:65: no such column: highm
2022/09/20 19:12:30 candole.go:42: 5 values for 6 columns
2022/09/20 19:12:30 candole.go:65: no such column: highm
2022/09/20 19:12:30 candole.go:42: 5 values for 6 columns
2022/09/20 19:13:42 bitflyer.go:178: connencting to wss://ws.lightstream.bitflyer.com/json-rpc
2022/09/20 19:13:43 streamdata.go:16: action=StreanIgestionDate, {BTC_JPY RUNNING 2022-09-20T10:13:43.090767Z 105508 2.765444e+06 2.765742e+06 0.468 0.45658546 573.97777373 374.92231341 0 0 2.765742e+06 1983.44069254 1983.44069254}
2022/09/20 19:13:43 candole.go:65: sql: no rows in result set
2022/09/20 19:13:43 candole.go:42: 5 values for 6 columns
2022/09/20 19:13:43 candole.go:65: sql: no rows in result set
2022/09/20 19:13:43 candole.go:42: 5 values for 6 columns
2022/09/20 19:13:43 candole.go:65: sql: no rows in result set
2022/09/20 19:13:43 candole.go:42: 5 values for 6 columns
2022/09/20 19:13:43 streamdata.go:16: action=StreanIgestionDate, {BTC_JPY RUNNING 2022-09-20T10:13:43.6651282Z 105514 2.765444e+06 2.765742e+06 0.468 0.44658546 574.67777373 375.04231341 0 0 2.765742e+06 1983.45069254 1983.45069254}
2022/09/20 19:13:43 candole.go:65: sql: no rows in result set
2022/09/20 19:13:43 candole.go:42: 5 values for 6 columns
2022/09/20 19:13:43 candole.go:65: sql: no rows in result set
2022/09/20 19:13:43 candole.go:42: 5 values for 6 columns
2022/09/20 19:13:43 candole.go:65: sql: no rows in result set
2022/09/20 19:13:43 candole.go:42: 5 values for 6 columns
2022/09/20 19:13:44 streamdata.go:16: action=StreanIgestionDate, {BTC_JPY RUNNING 2022-09-20T10:13:44.4327824Z 105517 2.765444e+06 2.765742e+06 0.31001879 0.41658546 573.81979252 375.01231341 0 0 2.765444e+06 1983.63867375 1983.63867375}
2022/09/20 19:13:44 candole.go:65: sql: no rows in result set
2022/09/20 19:13:44 candole.go:42: 5 values for 6 columns
2022/09/20 19:13:44 candole.go:65: sql: no rows in result set
2022/09/20 19:13:44 candole.go:42: 5 values for 6 columns
2022/09/20 19:13:44 candole.go:65: sql: no rows in result set
2022/09/20 19:13:44 candole.go:42: 5 values for 6 columns
2022/09/20 19:13:45 streamdata.go:16: action=StreanIgestionDate, {BTC_JPY RUNNING 2022-09-20T10:13:44.9748315Z 105520 2.765444e+06 2.765742e+06 0.0775047 0.41658546 573.39627843 374.99241341 0 0 2.765444e+06 1983.87118784 1983.87118784}
2022/09/20 19:13:45 candole.go:65: sql: no rows in result set
2022/09/20 19:13:45 candole.go:42: 5 values for 6 columns
2022/09/20 19:13:45 candole.go:65: sql: no rows in result set
2022/09/20 19:13:45 candole.go:42: 5 values for 6 columns
2022/09/20 19:13:45 candole.go:65: sql: no rows in result set
2022/09/20 19:13:45 candole.go:42: 5 values for 6 columns
2022/09/20 20:05:40 bitflyer.go:178: connencting to wss://ws.lightstream.bitflyer.com/json-rpc
2022/09/20 20:05:41 streamdata.go:16: action=StreanIgestionDate, {BTC_JPY RUNNING 2022-09-20T11:05:41.1433302Z 128453 2.772149e+06 2.773687e+06 0.01 0.03 576.88090068 381.30383011 0 0 2.773107e+06 1849.46676629 1849.46676629}
2022/09/20 20:05:41 candole.go:65: sql: no rows in result set
2022/09/20 20:05:41 candole.go:42: 5 values for 6 columns
2022/09/20 20:05:41 candole.go:65: sql: no rows in result set
2022/09/20 20:05:41 candole.go:42: 5 values for 6 columns
2022/09/20 20:05:41 candole.go:65: sql: no rows in result set
2022/09/20 20:05:41 candole.go:42: 5 values for 6 columns
2022/09/20 20:05:41 streamdata.go:16: action=StreanIgestionDate, {BTC_JPY RUNNING 2022-09-20T11:05:41.6811331Z 128460 2.772149e+06 2.773686e+06 0.01 0.1 577.26650392 380.29383011 0 0 2.773107e+06 1849.46676629 1849.46676629}
2022/09/20 20:05:41 candole.go:65: sql: no rows in result set
2022/09/20 20:05:41 candole.go:42: 5 values for 6 columns
2022/09/20 20:05:41 candole.go:65: sql: no rows in result set
2022/09/20 20:05:41 candole.go:42: 5 values for 6 columns
2022/09/20 20:05:41 candole.go:65: sql: no rows in result set
2022/09/20 20:05:41 candole.go:42: 5 values for 6 columns
2022/09/20 20:05:42 streamdata.go:16: action=StreanIgestionDate, {BTC_JPY RUNNING 2022-09-20T11:05:42.3528566Z 128465 2.772149e+06 2.773686e+06 0.01 0.03 577.26650392 380.19383011 0 0 2.773107e+06 1849.46676629 1849.46676629}
2022/09/20 20:05:42 candole.go:65: sql: no rows in result set
2022/09/20 20:05:42 candole.go:42: 5 values for 6 columns
2022/09/20 20:05:42 candole.go:65: sql: no rows in result set
2022/09/20 20:05:42 candole.go:42: 5 values for 6 columns
2022/09/20 20:05:42 candole.go:65: sql: no rows in result set
2022/09/20 20:05:42 candole.go:42: 5 values for 6 columns
2022/09/20 20:09:40 bitflyer.go:178: connencting to wss://ws.lightstream.bitflyer.com/json-rpc
2022/09/20 20:09:41 streamdata.go:16: action=StreanIgestionDate, {BTC_JPY RUNNING 2022-09-20T11:09:41.2947057Z 130669 2.772511e+06 2.773618e+06 0.03 0.03 578.07189445 380.08854281 0 0 2.772772e+06 1842.18958417 1842.18958417}
2022/09/20 20:09:41 candole.go:65: sql: no rows in result set
2022/09/20 20:09:41 candole.go:42: 5 values for 6 columns
2022/09/20 20:09:41 candole.go:65: sql: no rows in result set
2022/09/20 20:09:41 candole.go:42: 5 values for 6 columns
2022/09/20 20:09:41 candole.go:65: sql: no rows in result set
2022/09/20 20:09:41 candole.go:42: 5 values for 6 columns
2022/09/20 20:09:41 streamdata.go:16: action=StreanIgestionDate, {BTC_JPY RUNNING 2022-09-20T11:09:41.9556557Z 130673 2.772511e+06 2.773618e+06 0.03 0.03 578.41189445 380.42854281 0 0 2.772772e+06 1842.18958417 1842.18958417}
2022/09/20 20:09:41 candole.go:65: sql: no rows in result set
2022/09/20 20:09:41 candole.go:42: 5 values for 6 columns
2022/09/20 20:09:41 candole.go:65: sql: no rows in result set
2022/09/20 20:09:41 candole.go:42: 5 values for 6 columns
2022/09/20 20:09:41 candole.go:65: sql: no rows in result set
2022/09/20 20:09:41 candole.go:42: 5 values for 6 columns
2022/09/20 20:09:51 bitflyer.go:178: connencting to wss://ws.lightstream.bitflyer.com/json-rpc
2022/09/20 20:09:52 streamdata.go:16: action=StreanIgestionDate, {BTC_JPY RUNNING 2022-09-20T11:09:52.1262169Z 130746 2.772065e+06 2.773448e+06 0.02 0.378 576.96562816 381.00925334 0 0 2.772495e+06 1842.29958417 1842.29958417}
2022/09/20 20:09:52 candole.go:65: sql: no rows in result set
2022/09/20 20:09:52 candole.go:65: sql: no rows in result set
2022/09/20 20:09:52 candole.go:65: sql: no rows in result set
2022/09/20 20:09:52 streamdata.go:16: action=StreanIgestionDate, {BTC_JPY RUNNING 2022-09-20T11:09:52.5813993Z 130756 2.771925e+06 2.772756e+06 0.1 0.039 577.77562816 380.63235334 0 0 2.772065e+06 1842.31958417 1842.31958417}
2022/09/20 20:09:52 candole.go:52: near ".": syntax error
2022/09/20 20:09:52 candole.go:52: near ".": syntax error
2022/09/20 20:09:52 candole.go:52: near ".": syntax error
2022/09/20 20:09:53 streamdata.go:16: action=StreanIgestionDate, {BTC_JPY RUNNING 2022-09-20T11:09:53.1133007Z 130776 2.771018e+06 2.772755e+06 0.02 0.66 578.03029634 381.89125334 0 0 2.771767e+06 1842.42958417 1842.42958417}
2022/09/20 20:09:53 candole.go:65: sql: no rows in result set
2022/09/20 20:09:53 candole.go:52: near ".": syntax error
2022/09/20 20:09:53 candole.go:52: near ".": syntax error
2022/09/20 20:09:53 streamdata.go:16: action=StreanIgestionDate, {BTC_JPY RUNNING 2022-09-20T11:09:53.7339146Z 130783 2.771018e+06 2.772755e+06 0.02 0.66 578.03029634 381.68085334 0 0 2.771767e+06 1842.42958417 1842.42958417}
2022/09/20 20:09:53 candole.go:52: near ".": syntax error
2022/09/20 20:09:53 candole.go:52: near ".": syntax error
2022/09/20 20:09:53 candole.go:52: near ".": syntax error
2022/09/20 20:14:09 bitflyer.go:178: connencting to wss://ws.lightstream.bitflyer.com/json-rpc
2022/09/20 20:14:10 streamdata.go:16: action=StreanIgestionDate, {BTC_JPY RUNNING 2022-09-20T11:14:10.4027287Z 132518 2.76864e+06 2.770268e+06 0.01 0.7 575.42353858 383.76348016 0 0 2.770548e+06 1834.36253842 1834.36253842}
2022/09/20 20:14:10 candole.go:65: sql: no rows in result set
2022/09/20 20:14:10 candole.go:65: sql: no rows in result set
2022/09/20 20:14:11 streamdata.go:16: action=StreanIgestionDate, {BTC_JPY RUNNING 2022-09-20T11:14:11.4911631Z 132521 2.76864e+06 2.770268e+06 0.01 0.73 575.76353858 383.89348016 0 0 2.770548e+06 1834.36253842 1834.36253842}
2022/09/20 20:14:11 candole.go:65: sql: no rows in result set
2022/09/20 20:14:12 streamdata.go:16: action=StreanIgestionDate, {BTC_JPY RUNNING 2022-09-20T11:14:12.0289975Z 132526 2.76864e+06 2.770248e+06 0.01 0.191 575.76354355 384.23048016 0 0 2.770548e+06 1834.36253842 1834.36253842}
2022/09/20 20:14:12 candole.go:65: sql: no rows in result set
2022/09/20 20:18:18 bitflyer.go:178: connencting to wss://ws.lightstream.bitflyer.com/json-rpc
2022/09/20 20:18:19 streamdata.go:16: action=StreanIgestionDate, {BTC_JPY RUNNING 2022-09-20T11:18:19.3008893Z 134002 2.76996e+06 2.772148e+06 0.038 0.34 578.47648718 382.54540005 0 0 2.771712e+06 1830.60920961 1830.60920961}
2022/09/20 20:18:19 candole.go:60: BTC_JPY_1s
2022/09/20 20:18:19 candole.go:66: sql: no rows in result set
2022/09/20 20:18:19 candole.go:60: BTC_JPY_1m0s
2022/09/20 20:18:19 candole.go:66: sql: no rows in result set
2022/09/20 20:18:19 candole.go:60: BTC_JPY_1h0m0s
2022/09/20 20:18:20 streamdata.go:16: action=StreanIgestionDate, {BTC_JPY RUNNING 2022-09-20T11:18:19.9570344Z 134004 2.76996e+06 2.772147e+06 0.038 0.03 578.46253008 382.57540005 0 0 2.771712e+06 1830.60920961 1830.60920961}
2022/09/20 20:18:20 candole.go:60: BTC_JPY_1s
2022/09/20 20:18:20 candole.go:60: BTC_JPY_1m0s
2022/09/20 20:18:20 candole.go:60: BTC_JPY_1h0m0s
2022/09/20 20:18:20 streamdata.go:16: action=StreanIgestionDate, {BTC_JPY RUNNING 2022-09-20T11:18:20.7048394Z 134006 2.76996e+06 2.772147e+06 0.038 0.03 578.46253008 382.57540005 0 0 2.771712e+06 1830.60920961 1830.60920961}
2022/09/20 20:18:20 candole.go:60: BTC_JPY_1s
2022/09/20 20:18:20 candole.go:66: sql: no rows in result set
2022/09/20 20:18:20 candole.go:60: BTC_JPY_1m0s
2022/09/20 20:18:20 candole.go:60: BTC_JPY_1h0m0s
2022/09/20 20:18:21 streamdata.go:16: action=StreanIgestionDate, {BTC_JPY RUNNING 2022-09-20T11:18:21.4599222Z 134008 2.76996e+06 2.772147e+06 0.038 0.03 578.48253008 384.07540005 0 0 2.771712e+06 1830.60920961 1830.60920961}
2022/09/20 20:18:21 candole.go:60: BTC_JPY_1h0m0s
2022/09/20 20:18:21 candole.go:60: BTC_JPY_1s
2022/09/20 20:18:21 candole.go:66: sql: no rows in result set
2022/09/20 20:18:21 candole.go:60: BTC_JPY_1m0s
2022/09/20 20:18:22 streamdata.go:16: action=StreanIgestionDate, {BTC_JPY RUNNING 2022-09-20T11:18:22.0950422Z 134015 2.76996e+06 2.772147e+06 0.038 0.03 578.46153008 384.19320005 0 0 2.771712e+06 1830.60920961 1830.60920961}
2022/09/20 20:18:22 candole.go:60: BTC_JPY_1h0m0s
2022/09/20 20:18:22 candole.go:60: BTC_JPY_1s
2022/09/20 20:18:22 candole.go:66: sql: no rows in result set
2022/09/20 20:18:22 candole.go:60: BTC_JPY_1m0s
2022/09/20 20:18:22 streamdata.go:16: action=StreanIgestionDate, {BTC_JPY RUNNING 2022-09-20T11:18:22.7536846Z 134019 2.76996e+06 2.772147e+06 0.038 0.03 578.48253008 384.04320005 0 0 2.771712e+06 1830.60920961 1830.60920961}
2022/09/20 20:18:22 candole.go:60: BTC_JPY_1m0s
2022/09/20 20:18:22 candole.go:60: BTC_JPY_1h0m0s
2022/09/20 20:18:22 candole.go:60: BTC_JPY_1s
2022/09/20 20:18:23 streamdata.go:16: action=StreanIgestionDate, {BTC_JPY RUNNING 2022-09-20T11:18:23.6686417Z 134022 2.76996e+06 2.772147e+06 0.038 0.03 578.47648718 383.85320005 0 0 2.771712e+06 1830.60920961 1830.60920961}
2022/09/20 20:18:23 candole.go:60: BTC_JPY_1s
2022/09/20 20:18:23 candole.go:66: sql: no rows in result set
2022/09/20 20:18:23 candole.go:60: BTC_JPY_1m0s
2022/09/20 20:18:23 candole.go:60: BTC_JPY_1h0m0s
2022/09/20 20:19:53 bitflyer.go:178: connencting to wss://ws.lightstream.bitflyer.com/json-rpc
2022/09/20 20:19:54 streamdata.go:16: action=StreanIgestionDate, {BTC_JPY RUNNING 2022-09-20T11:19:54.6424623Z 134600 2.77236e+06 2.773469e+06 0.04 0.1 579.48478503 378.17163696 0 0 2.7729e+06 1827.29509618 1827.29509618}
2022/09/20 20:19:54 candole.go:62: BTC_JPY_1s: &{<nil> %!s(*sql.Rows=&{0xc000112000 0x40f2da0 0xc00013e960 <nil> <nil> {{0 0} 0 0 0 0} false <nil> []})}
2022/09/20 20:19:54 candole.go:66: sql: no rows in result set
2022/09/20 20:19:54 candole.go:62: BTC_JPY_1m0s: &{<nil> %!s(*sql.Rows=&{0xc000112000 0x40f2da0 0xc00013eae0 <nil> <nil> {{0 0} 0 0 0 0} false <nil> []})}
2022/09/20 20:19:54 candole.go:66: sql: no rows in result set
2022/09/20 20:19:54 candole.go:62: BTC_JPY_1h0m0s: &{<nil> %!s(*sql.Rows=&{0xc000112000 0x40f2da0 0xc00013ec60 <nil> <nil> {{0 0} 0 0 0 0} false <nil> []})}
2022/09/20 20:19:55 streamdata.go:16: action=StreanIgestionDate, {BTC_JPY RUNNING 2022-09-20T11:19:55.4249337Z 134604 2.77236e+06 2.773469e+06 0.04 0.1 579.50478503 379.00163696 0 0 2.7729e+06 1827.29509618 1827.29509618}
2022/09/20 20:19:55 candole.go:62: BTC_JPY_1h0m0s: &{<nil> %!s(*sql.Rows=&{0xc000112000 0x40f2da0 0xc00013eea0 <nil> <nil> {{0 0} 0 0 0 0} false <nil> []})}
2022/09/20 20:19:55 candole.go:62: BTC_JPY_1s: &{<nil> %!s(*sql.Rows=&{0xc000112000 0x40f2da0 0xc00013f0e0 <nil> <nil> {{0 0} 0 0 0 0} false <nil> []})}
2022/09/20 20:19:55 candole.go:66: sql: no rows in result set
2022/09/20 20:19:55 candole.go:62: BTC_JPY_1m0s: &{<nil> %!s(*sql.Rows=&{0xc000112000 0x40f2da0 0xc00013f260 <nil> <nil> {{0 0} 0 0 0 0} false <nil> []})}
2022/09/20 20:19:56 streamdata.go:16: action=StreanIgestionDate, {BTC_JPY RUNNING 2022-09-20T11:19:56.339881Z 134608 2.77236e+06 2.773469e+06 0.04 0.1 578.80478503 378.30163696 0 0 2.7729e+06 1827.29509618 1827.29509618}
2022/09/20 20:19:56 candole.go:62: BTC_JPY_1h0m0s: &{<nil> %!s(*sql.Rows=&{0xc000112000 0x40f2da0 0xc00013f4a0 <nil> <nil> {{0 0} 0 0 0 0} false <nil> []})}
2022/09/20 20:19:56 candole.go:62: BTC_JPY_1s: &{<nil> %!s(*sql.Rows=&{0xc000112000 0x40f2da0 0xc00013f6e0 <nil> <nil> {{0 0} 0 0 0 0} false <nil> []})}
2022/09/20 20:19:56 candole.go:66: sql: no rows in result set
2022/09/20 20:19:56 candole.go:62: BTC_JPY_1m0s: &{<nil> %!s(*sql.Rows=&{0xc000112000 0x40f2da0 0xc00013f860 <nil> <nil> {{0 0} 0 0 0 0} false <nil> []})}
2022/09/20 20:37:04 bitflyer.go:178: connencting to wss://ws.lightstream.bitflyer.com/json-rpc
2022/09/20 20:37:04 streamdata.go:16: action=StreanIgestionDate, {BTC_JPY RUNNING 2022-09-20T11:37:04.9771289Z 142564 2.762888e+06 2.764e+06 0.03 1.9664238 571.29822745 387.37501483 0 0 2.764e+06 1819.01103524 1819.01103524}
2022/09/20 20:37:04 candole.go:62: BTC_JPY_1s: {<nil> %!s(*sql.Rows=&{0xc000162000 0x40f2d80 0xc0000f4480 <nil> <nil> {{0 0} 0 0 0 0} false <nil> []})}
2022/09/20 20:37:04 candole.go:66: sql: no rows in result set
2022/09/20 20:37:04 candole.go:62: BTC_JPY_1m0s: {<nil> %!s(*sql.Rows=&{0xc000162000 0x40f2d80 0xc0000f4600 <nil> <nil> {{0 0} 0 0 0 0} false <nil> []})}
2022/09/20 20:37:04 candole.go:66: sql: no rows in result set
2022/09/20 20:37:04 candole.go:62: BTC_JPY_1h0m0s: {<nil> %!s(*sql.Rows=&{0xc000162000 0x40f2d80 0xc0000f4780 <nil> <nil> {{0 0} 0 0 0 0} false <nil> []})}
2022/09/20 20:37:05 streamdata.go:16: action=StreanIgestionDate, {BTC_JPY RUNNING 2022-09-20T11:37:05.6799859Z 142565 2.762888e+06 2.764e+06 0.03 1.9664238 571.28822745 387.37501483 0 0 2.764e+06 1819.01103524 1819.01103524}
2022/09/20 20:37:05 candole.go:62: BTC_JPY_1s: {<nil> %!s(*sql.Rows=&{0xc000162000 0x40f2d80 0xc0000f49c0 <nil> <nil> {{0 0} 0 0 0 0} false <nil> []})}
2022/09/20 20:37:05 candole.go:66: sql: no rows in result set
2022/09/20 20:37:05 candole.go:62: BTC_JPY_1m0s: {<nil> %!s(*sql.Rows=&{0xc000162000 0x40f2d80 0xc0000f4b40 <nil> <nil> {{0 0} 0 0 0 0} false <nil> []})}
2022/09/20 20:37:05 candole.go:62: BTC_JPY_1h0m0s: {<nil> %!s(*sql.Rows=&{0xc000162000 0x40f2d80 0xc0000f4d80 <nil> <nil> {{0 0} 0 0 0 0} false <nil> []})}
2022/09/20 20:37:06 streamdata.go:16: action=StreanIgestionDate, {BTC_JPY RUNNING 2022-09-20T11:37:06.3476384Z 142567 2.762888e+06 2.764e+06 0.03 1.9536493 571.28822745 384.08224033 0 0 2.764e+06 1819.02380974 1819.02380974}
2022/09/20 20:37:06 candole.go:62: BTC_JPY_1s: {<nil> %!s(*sql.Rows=&{0xc000162000 0x40f2d80 0xc0000f4fc0 <nil> <nil> {{0 0} 0 0 0 0} false <nil> []})}
2022/09/20 20:37:06 candole.go:66: sql: no rows in result set
2022/09/20 20:37:06 candole.go:62: BTC_JPY_1m0s: {<nil> %!s(*sql.Rows=&{0xc000162000 0x40f2d80 0xc0000f5140 <nil> <nil> {{0 0} 0 0 0 0} false <nil> []})}
2022/09/20 20:37:06 candole.go:62: BTC_JPY_1h0m0s: {<nil> %!s(*sql.Rows=&{0xc000162000 0x40f2d80 0xc0000f5380 <nil> <nil> {{0 0} 0 0 0 0} false <nil> []})}
2022/09/20 20:47:06 bitflyer.go:178: connencting to wss://ws.lightstream.bitflyer.com/json-rpc
2022/09/20 20:47:07 streamdata.go:16: action=StreanIgestionDate, {BTC_JPY RUNNING 2022-09-20T11:47:07.5176005Z 147174 2.76194e+06 2.763796e+06 0.039 0.35052227 571.58223954 384.01181303 0 0 2.762171e+06 1811.39747724 1811.39747724}
2022/09/20 20:47:07 candole.go:62: <nil>
2022/09/20 20:47:07 candole.go:66: sql: no rows in result set
2022/09/20 20:47:07 candole.go:62: <nil>
2022/09/20 20:47:07 candole.go:66: sql: no rows in result set
2022/09/20 20:47:07 candole.go:62: <nil>
2022/09/20 20:47:08 streamdata.go:16: action=StreanIgestionDate, {BTC_JPY RUNNING 2022-09-20T11:47:08.2253581Z 147178 2.76194e+06 2.763796e+06 0.039 0.35052227 571.60123954 384.71181303 0 0 2.762171e+06 1811.39747724 1811.39747724}
2022/09/20 20:47:08 candole.go:62: <nil>
2022/09/20 20:47:08 candole.go:66: sql: no rows in result set
2022/09/20 20:47:08 candole.go:62: <nil>
2022/09/20 20:47:08 candole.go:62: <nil>
2022/09/20 20:47:40 bitflyer.go:178: connencting to wss://ws.lightstream.bitflyer.com/json-rpc
2022/09/20 20:47:41 streamdata.go:16: action=StreanIgestionDate, {BTC_JPY RUNNING 2022-09-20T11:47:41.8158763Z 147363 2.761372e+06 2.763278e+06 0.039 0.03 572.30581479 387.55159287 0 0 2.761947e+06 1811.40867724 1811.40867724}
2022/09/20 20:47:41 candole.go:68: sql: no rows in result set
2022/09/20 20:47:42 streamdata.go:16: action=StreanIgestionDate, {BTC_JPY RUNNING 2022-09-20T11:47:42.5413999Z 147365 2.761373e+06 2.763278e+06 0.03 0.03 572.33581479 386.85159287 0 0 2.761947e+06 1811.40867724 1811.40867724}
2022/09/20 20:47:42 candole.go:68: sql: no rows in result set
2022/09/20 20:47:43 streamdata.go:16: action=StreanIgestionDate, {BTC_JPY RUNNING 2022-09-20T11:47:43.2382443Z 147368 2.761373e+06 2.763278e+06 0.03 0.03 572.33581479 387.38159287 0 0 2.761947e+06 1811.40867724 1811.40867724}
2022/09/20 20:47:43 candole.go:68: sql: no rows in result set
2022/09/20 20:47:43 streamdata.go:16: action=StreanIgestionDate, {BTC_JPY RUNNING 2022-09-20T11:47:43.9344706Z 147371 2.761373e+06 2.763278e+06 0.03 0.03 568.48581479 387.55159287 0 0 2.761947e+06 1811.40867724 1811.40867724}
2022/09/20 20:47:59 bitflyer.go:178: connencting to wss://ws.lightstream.bitflyer.com/json-rpc
2022/09/20 20:48:00 streamdata.go:16: action=StreanIgestionDate, {BTC_JPY RUNNING 2022-09-20T11:48:00.2618633Z 147454 2.76137e+06 2.762813e+06 0.039 0.893 571.17160005 387.04283266 0 0 2.761947e+06 1810.77017724 1810.77017724}
2022/09/20 20:48:00 streamdata.go:16: action=StreanIgestionDate, {BTC_JPY RUNNING 2022-09-20T11:48:00.8088031Z 147455 2.76137e+06 2.762813e+06 0.039 0.893 571.48260005 387.04283266 0 0 2.761947e+06 1810.77017724 1810.77017724}
2022/09/20 20:48:01 streamdata.go:16: action=StreanIgestionDate, {BTC_JPY RUNNING 2022-09-20T11:48:01.3284533Z 147459 2.76137e+06 2.762812e+06 0.039 0.32447528 571.48260005 387.70145123 0 0 2.761947e+06 1810.77017724 1810.77017724}
